<?xml version="1.0" encoding="UTF-8"?>
<!-- Generated by org.testng.reporters.JUnitXMLReporter -->
<testsuite ignored="4" hostname="richardssaji-MacBook-Pro" failures="0" tests="5" name="Test" time="40.064" errors="0" timestamp="2023-01-27T22:49:21 CET">
  <testcase classname="tests.LoginPageTest" name="navigateToLoginPage" time="7.416"/>
  <testcase classname="tests.LoginPageTest" name="verifyLogin" time="5.696"/>
  <testcase classname="tests.HomePageTest" name="verifySearchingItem" time="8.037"/>
  <testcase classname="tests.CheckoutTest" name="verifySelectAnItem" time="13.198"/>
  <testcase classname="tests.CheckoutTest" name="verifyAddToCart" time="5.707"/>
  <testcase classname="pages.BasePage" name="@AfterSuite tearDown" time="0.0">
    <ignored/>
  </testcase> <!-- @AfterSuite tearDown -->
  <testcase classname="pages.BasePage" name="@AfterSuite tearDown" time="0.0">
    <ignored/>
  </testcase> <!-- @AfterSuite tearDown -->
  <testcase classname="pages.BasePage" name="@BeforeSuite setup" time="0.0">
    <ignored/>
  </testcase> <!-- @BeforeSuite setup -->
  <testcase classname="pages.BasePage" name="@BeforeSuite setup" time="0.0">
    <ignored/>
  </testcase> <!-- @BeforeSuite setup -->
</testsuite> <!-- Test -->
